<?xml version="1.0" encoding="UTF-8"?>
<robot generator="Robot 3.2.2 (Python 3.9.1 on win32)" generated="20210213 12:17:25.889" rpa="false">
<suite id="s1" name="TC01" source="C:\Users\anaso\PycharmProjects\RobotAutomation\TestCases\TC01.robot">
<test id="s1-t1" name="LoginTest">
<kw name="Open Browser" library="SeleniumLibrary">
<doc>Opens a new browser instance to the optional ``url``.</doc>
<arguments>
<arg>https://demo.nopcommerce.com/</arg>
<arg>chrome</arg>
</arguments>
<msg timestamp="20210213 12:17:26.270" level="INFO">Opening browser 'chrome' to base url 'https://demo.nopcommerce.com/'.</msg>
<status status="PASS" starttime="20210213 12:17:26.269" endtime="20210213 12:17:31.085"></status>
</kw>
<kw name="Maximize Browser Window" library="SeleniumLibrary">
<doc>Maximizes current browser window.</doc>
<status status="PASS" starttime="20210213 12:17:31.086" endtime="20210213 12:17:33.205"></status>
</kw>
<kw name="Click Link" library="SeleniumLibrary">
<doc>Clicks a link identified by ``locator``.</doc>
<arguments>
<arg>xpath://a[contains(text(),'Log in')]</arg>
</arguments>
<msg timestamp="20210213 12:17:33.206" level="INFO">Clicking link 'xpath://a[contains(text(),'Log in')]'.</msg>
<status status="PASS" starttime="20210213 12:17:33.205" endtime="20210213 12:17:34.163"></status>
</kw>
<kw name="Input Text" library="SeleniumLibrary">
<doc>Types the given ``text`` into the text field identified by ``locator``.</doc>
<arguments>
<arg>id:Email</arg>
<arg>pavanoltraning@gmail.com</arg>
</arguments>
<msg timestamp="20210213 12:17:34.164" level="INFO">Typing text 'pavanoltraning@gmail.com' into text field 'id:Email'.</msg>
<status status="PASS" starttime="20210213 12:17:34.164" endtime="20210213 12:17:34.245"></status>
</kw>
<kw name="Input Text" library="SeleniumLibrary">
<doc>Types the given ``text`` into the text field identified by ``locator``.</doc>
<arguments>
<arg>id:Password</arg>
<arg>Test@123</arg>
</arguments>
<msg timestamp="20210213 12:17:34.245" level="INFO">Typing text 'Test@123' into text field 'id:Password'.</msg>
<status status="PASS" starttime="20210213 12:17:34.245" endtime="20210213 12:17:34.321"></status>
</kw>
<kw name="Click Element" library="SeleniumLibrary">
<doc>Click the element identified by ``locator``.</doc>
<arguments>
<arg>xpath://input[@class='button-1 login-button']</arg>
</arguments>
<msg timestamp="20210213 12:17:34.322" level="INFO">Clicking element 'xpath://input[@class='button-1 login-button']'.</msg>
<status status="PASS" starttime="20210213 12:17:34.321" endtime="20210213 12:17:34.368"></status>
</kw>
<kw name="Close Browser" library="SeleniumLibrary">
<doc>Closes the current browser.</doc>
<status status="PASS" starttime="20210213 12:17:34.369" endtime="20210213 12:17:36.545"></status>
</kw>
<status status="PASS" starttime="20210213 12:17:26.269" endtime="20210213 12:17:36.546" critical="yes"></status>
</test>
<status status="PASS" starttime="20210213 12:17:25.893" endtime="20210213 12:17:36.548"></status>
</suite>
<statistics>
<total>
<stat pass="1" fail="0">Critical Tests</stat>
<stat pass="1" fail="0">All Tests</stat>
</total>
<tag>
</tag>
<suite>
<stat pass="1" fail="0" id="s1" name="TC01">TC01</stat>
</suite>
</statistics>
<errors>
</errors>
</robot>
